error: the expressions on line $DIR/lib.rs:15:27: 15:46 (#0) and $DIR/lib.rs:16:27: 16:46 (#0) have identical Account types, yet do not contain a proper key check.
  --> $DIR/lib.rs:15:27
   |
LL |         let user_a = &mut ctx.accounts.user_a;
   |                           ^^^^^^^^^^^^^^^^^^^
   |
   = note: `-D duplicate-mutable-accounts` implied by `-D warnings`
help: add a key check to make sure the accounts have different keys, e.g., x.key() != y.key()
  --> $DIR/lib.rs:16:27
   |
LL |         let user_b = &mut ctx.accounts.user_b;
   |                           ^^^^^^^^^^^^^^^^^^^

error: the expressions on line $DIR/lib.rs:15:27: 15:46 (#0) and $DIR/lib.rs:17:27: 17:46 (#0) have identical Account types, yet do not contain a proper key check.
  --> $DIR/lib.rs:15:27
   |
LL |         let user_a = &mut ctx.accounts.user_a;
   |                           ^^^^^^^^^^^^^^^^^^^
   |
help: add a key check to make sure the accounts have different keys, e.g., x.key() != y.key()
  --> $DIR/lib.rs:17:27
   |
LL |         let user_c = &mut ctx.accounts.user_c;
   |                           ^^^^^^^^^^^^^^^^^^^

error: the expressions on line $DIR/lib.rs:16:27: 16:46 (#0) and $DIR/lib.rs:17:27: 17:46 (#0) have identical Account types, yet do not contain a proper key check.
  --> $DIR/lib.rs:16:27
   |
LL |         let user_b = &mut ctx.accounts.user_b;
   |                           ^^^^^^^^^^^^^^^^^^^
   |
help: add a key check to make sure the accounts have different keys, e.g., x.key() != y.key()
  --> $DIR/lib.rs:17:27
   |
LL |         let user_c = &mut ctx.accounts.user_c;
   |                           ^^^^^^^^^^^^^^^^^^^

error: aborting due to 3 previous errors

