error: this expression does not have a key check but has the same account type as another expression
  --> $DIR/lib.rs:14:27
   |
LL |         let user_a = &mut ctx.accounts.user_a;
   |                           ^^^^^^^^^^^^^^^^^^^
   |
   = note: `-D dup-mutable-accounts-2` implied by `-D warnings`
help: add a key check to make sure the accounts have different keys, e.g., x.key() != y.key()
  --> $DIR/lib.rs:15:27
   |
LL |         let user_b = &mut ctx.accounts.user_b;
   |                           ^^^^^^^^^^^^^^^^^^^

error: this expression does not have a key check but has the same account type as another expression
  --> $DIR/lib.rs:15:27
   |
LL |         let user_b = &mut ctx.accounts.user_b;
   |                           ^^^^^^^^^^^^^^^^^^^
   |
help: add a key check to make sure the accounts have different keys, e.g., x.key() != y.key()
  --> $DIR/lib.rs:14:27
   |
LL |         let user_a = &mut ctx.accounts.user_a;
   |                           ^^^^^^^^^^^^^^^^^^^

error: aborting due to 2 previous errors

