error: user_a and user_b have identical account types but do not have a key check constraint
  --> $DIR/lib.rs:28:5
   |
LL |     user_a: Account<'info, User>,
   |     ^^^^^^^^^^^^^^^^^^^^^^^^^^^^
   |
   = note: `-D duplicate-mutable-accounts` implied by `-D warnings`
help: add an anchor key check constraint: #[account(constraint = user_a.key() != user_b.key())]
  --> $DIR/lib.rs:29:5
   |
LL |     user_b: Account<'info, User>,
   |     ^^^^^^^^^^^^^^^^^^^^^^^^^^^^

error: user_a and user_c have identical account types but do not have a key check constraint
  --> $DIR/lib.rs:28:5
   |
LL |     user_a: Account<'info, User>,
   |     ^^^^^^^^^^^^^^^^^^^^^^^^^^^^
   |
help: add an anchor key check constraint: #[account(constraint = user_a.key() != user_c.key())]
  --> $DIR/lib.rs:30:5
   |
LL |     user_c: Account<'info, User>,
   |     ^^^^^^^^^^^^^^^^^^^^^^^^^^^^

error: user_b and user_c have identical account types but do not have a key check constraint
  --> $DIR/lib.rs:29:5
   |
LL |     user_b: Account<'info, User>,
   |     ^^^^^^^^^^^^^^^^^^^^^^^^^^^^
   |
help: add an anchor key check constraint: #[account(constraint = user_b.key() != user_c.key())]
  --> $DIR/lib.rs:30:5
   |
LL |     user_c: Account<'info, User>,
   |     ^^^^^^^^^^^^^^^^^^^^^^^^^^^^

error: aborting due to 3 previous errors

